c:\users\ivan\desktop\programs\banchandcuttsp\banchandcuttsp\x64\debug\vc141.pdb
c:\users\ivan\desktop\programs\banchandcuttsp\banchandcuttsp\x64\debug\vc141.idb
c:\users\ivan\desktop\programs\banchandcuttsp\banchandcuttsp\x64\debug\solve_mip_model.obj
c:\users\ivan\desktop\programs\banchandcuttsp\banchandcuttsp\x64\debug\read_data.obj
c:\users\ivan\desktop\programs\banchandcuttsp\banchandcuttsp\x64\debug\main.obj
c:\users\ivan\desktop\amazon challenge\banchandcuttsp\banchandcuttsp\x64\debug\vc141.pdb
c:\users\ivan\desktop\amazon challenge\banchandcuttsp\banchandcuttsp\x64\debug\vc141.idb
c:\users\ivan\desktop\amazon challenge\banchandcuttsp\banchandcuttsp\x64\debug\solve_mip_model.obj
c:\users\ivan\desktop\amazon challenge\banchandcuttsp\banchandcuttsp\x64\debug\read_data.obj
c:\users\ivan\desktop\amazon challenge\banchandcuttsp\banchandcuttsp\x64\debug\main.obj
c:\users\ivan\desktop\programs\banchandcuttsp\x64\debug\banchandcuttsp.exe
c:\users\ivan\desktop\programs\banchandcuttsp\x64\debug\banchandcuttsp.ilk
c:\users\ivan\desktop\programs\banchandcuttsp\x64\debug\banchandcuttsp.pdb
c:\users\ivan\desktop\amazon challenge\banchandcuttsp\x64\debug\banchandcuttsp.exe
c:\users\ivan\desktop\amazon challenge\banchandcuttsp\x64\debug\banchandcuttsp.ilk
c:\users\ivan\desktop\amazon challenge\banchandcuttsp\x64\debug\banchandcuttsp.pdb
c:\users\ivan\desktop\amazon challenge\banchandcuttsp\banchandcuttsp\x64\debug\banchandcuttsp.tlog\cl.command.1.tlog
c:\users\ivan\desktop\amazon challenge\banchandcuttsp\banchandcuttsp\x64\debug\banchandcuttsp.tlog\cl.read.1.tlog
c:\users\ivan\desktop\amazon challenge\banchandcuttsp\banchandcuttsp\x64\debug\banchandcuttsp.tlog\cl.write.1.tlog
c:\users\ivan\desktop\amazon challenge\banchandcuttsp\banchandcuttsp\x64\debug\banchandcuttsp.tlog\link.command.1.tlog
c:\users\ivan\desktop\amazon challenge\banchandcuttsp\banchandcuttsp\x64\debug\banchandcuttsp.tlog\link.read.1.tlog
c:\users\ivan\desktop\amazon challenge\banchandcuttsp\banchandcuttsp\x64\debug\banchandcuttsp.tlog\link.write.1.tlog
