c:\users\zean le\desktop\master program\banchandcuttsp\x64\release\banchandcuttsp.ipdb
c:\users\zean le\desktop\master program\banchandcuttsp\x64\release\banchandcuttsp.iobj
c:\users\zean le\desktop\master program\banchandcuttsp\x64\release\banchandcuttsp.lib
c:\users\zean le\desktop\master program\banchandcuttsp\x64\release\banchandcuttsp.exp
c:\users\zean le\desktop\master program\banchandcuttsp\banchandcuttsp\x64\release\vc142.pdb
c:\users\zean le\desktop\master program\banchandcuttsp\banchandcuttsp\x64\release\solve_mip_model.obj
c:\users\zean le\desktop\master program\banchandcuttsp\banchandcuttsp\x64\release\read_data.obj
c:\users\zean le\desktop\master program\banchandcuttsp\banchandcuttsp\x64\release\main.obj
c:\users\zean le\desktop\master program\banchandcuttsp\x64\release\banchandcuttsp.dll
c:\users\zean le\desktop\master program\banchandcuttsp\x64\release\banchandcuttsp.pdb
c:\users\zean le\desktop\master program\banchandcuttsp\banchandcuttsp\x64\release\banchandcuttsp.pdb
c:\users\zean le\desktop\master program\banchandcuttsp\banchandcuttsp\x64\release\banchandcuttsp.tlog\banchandcuttsp.write.1u.tlog
c:\users\zean le\desktop\master program\banchandcuttsp\banchandcuttsp\x64\release\banchandcuttsp.tlog\cl.command.1.tlog
c:\users\zean le\desktop\master program\banchandcuttsp\banchandcuttsp\x64\release\banchandcuttsp.tlog\cl.read.1.tlog
c:\users\zean le\desktop\master program\banchandcuttsp\banchandcuttsp\x64\release\banchandcuttsp.tlog\cl.write.1.tlog
c:\users\zean le\desktop\master program\banchandcuttsp\banchandcuttsp\x64\release\banchandcuttsp.tlog\lib-link.read.1.tlog
c:\users\zean le\desktop\master program\banchandcuttsp\banchandcuttsp\x64\release\banchandcuttsp.tlog\lib-link.write.1.tlog
c:\users\zean le\desktop\master program\banchandcuttsp\banchandcuttsp\x64\release\banchandcuttsp.tlog\lib.command.1.tlog
c:\users\zean le\desktop\master program\banchandcuttsp\banchandcuttsp\x64\release\banchandcuttsp.tlog\link.command.1.tlog
c:\users\zean le\desktop\master program\banchandcuttsp\banchandcuttsp\x64\release\banchandcuttsp.tlog\link.delete.1.tlog
c:\users\zean le\desktop\master program\banchandcuttsp\banchandcuttsp\x64\release\banchandcuttsp.tlog\link.read.1.tlog
c:\users\zean le\desktop\master program\banchandcuttsp\banchandcuttsp\x64\release\banchandcuttsp.tlog\link.write.1.tlog
